{"meta": {"format": 3, "version": "7.13.4", "timestamp": "2026-03-05T14:40:54.031811", "branch_coverage": false, "show_contexts": false}, "files": {"apps\\backend\\setup\\__init__.py": {"executed_lines": [8, 10], "summary": {"covered_lines": 2, "num_statements": 2, "percent_covered": 100.0, "percent_covered_display": "100", "missing_lines": 0, "excluded_lines": 0, "percent_statements_covered": 100.0, "percent_statements_covered_display": "100"}, "missing_lines": [], "excluded_lines": [], "functions": {"": {"executed_lines": [8, 10], "summary": {"covered_lines": 2, "num_statements": 2, "percent_covered": 100.0, "percent_covered_display": "100", "missing_lines": 0, "excluded_lines": 0, "percent_statements_covered": 100.0, "percent_statements_covered_display": "100"}, "missing_lines": [], "excluded_lines": [], "start_line": 1}}, "classes": {"": {"executed_lines": [8, 10], "summary": {"covered_lines": 2, "num_statements": 2, "percent_covered": 100.0, "percent_covered_display": "100", "missing_lines": 0, "excluded_lines": 0, "percent_statements_covered": 100.0, "percent_statements_covered_display": "100"}, "missing_lines": [], "excluded_lines": [], "start_line": 1}}}, "apps\\backend\\setup\\auth_checker.py": {"executed_lines": [], "summary": {"covered_lines": 0, "num_statements": 22, "percent_covered": 0.0, "percent_covered_display": "0", "missing_lines": 22, "excluded_lines": 0, "percent_statements_covered": 0.0, "percent_statements_covered_display": "0"}, "missing_lines": [8, 9, 11, 14, 17, 18, 19, 22, 33, 34, 36, 38, 39, 40, 46, 47, 53, 54, 55, 60, 61, 62], "excluded_lines": [], "functions": {"check_oauth_token": {"executed_lines": [], "summary": {"covered_lines": 0, "num_statements": 14, "percent_covered": 0.0, "percent_covered_display": "0", "missing_lines": 14, "excluded_lines": 0, "percent_statements_covered": 0.0, "percent_statements_covered_display": "0"}, "missing_lines": [33, 34, 36, 38, 39, 40, 46, 47, 53, 54, 55, 60, 61, 62], "excluded_lines": [], "start_line": 22}, "": {"executed_lines": [], "summary": {"covered_lines": 0, "num_statements": 8, "percent_covered": 0.0, "percent_covered_display": "0", "missing_lines": 8, "excluded_lines": 0, "percent_statements_covered": 0.0, "percent_statements_covered_display": "0"}, "missing_lines": [8, 9, 11, 14, 17, 18, 19, 22], "excluded_lines": [], "start_line": 1}}, "classes": {"AuthCheckResult": {"executed_lines": [], "summary": {"covered_lines": 0, "num_statements": 0, "percent_covered": 100.0, "percent_covered_display": "100", "missing_lines": 0, "excluded_lines": 0, "percent_statements_covered": 100.0, "percent_statements_covered_display": "100"}, "missing_lines": [], "excluded_lines": [], "start_line": 14}, "": {"executed_lines": [], "summary": {"covered_lines": 0, "num_statements": 22, "percent_covered": 0.0, "percent_covered_display": "0", "missing_lines": 22, "excluded_lines": 0, "percent_statements_covered": 0.0, "percent_statements_covered_display": "0"}, "missing_lines": [8, 9, 11, 14, 17, 18, 19, 22, 33, 34, 36, 38, 39, 40, 46, 47, 53, 54, 55, 60, 61, 62], "excluded_lines": [], "start_line": 1}}}, "apps\\backend\\setup\\env_creator.py": {"executed_lines": [8, 9, 10, 12, 15, 18, 19, 20, 21, 22, 25, 29, 30, 33, 34, 35, 36, 37, 40, 43, 44, 45, 46, 47, 48, 49, 52, 53, 54, 55, 56, 59, 60, 61, 62, 63, 66, 190, 217, 281, 292, 303, 340], "summary": {"covered_lines": 43, "num_statements": 141, "percent_covered": 30.49645390070922, "percent_covered_display": "30", "missing_lines": 98, "excluded_lines": 0, "percent_statements_covered": 30.49645390070922, "percent_statements_covered_display": "30"}, "missing_lines": [98, 100, 101, 102, 105, 106, 108, 109, 110, 122, 123, 124, 125, 128, 129, 130, 131, 139, 142, 143, 146, 149, 150, 153, 154, 156, 157, 158, 160, 168, 169, 170, 171, 178, 179, 180, 181, 200, 201, 203, 204, 206, 207, 209, 210, 211, 212, 213, 214, 233, 234, 237, 239, 240, 243, 244, 245, 248, 250, 251, 254, 255, 257, 258, 259, 260, 263, 264, 267, 268, 270, 271, 272, 273, 276, 278, 288, 289, 299, 300, 318, 319, 320, 322, 323, 324, 325, 327, 328, 330, 331, 332, 333, 334, 335, 336, 337, 351], "excluded_lines": [], "functions": {"create_env_file": {"executed_lines": [], "summary": {"covered_lines": 0, "num_statements": 37, "percent_covered": 0.0, "percent_covered_display": "0", "missing_lines": 37, "excluded_lines": 0, "percent_statements_covered": 0.0, "percent_statements_covered_display": "0"}, "missing_lines": [98, 100, 101, 102, 105, 106, 108, 109, 110, 122, 123, 124, 125, 128, 129, 130, 131, 139, 142, 143, 146, 149, 150, 153, 154, 156, 157, 158, 160, 168, 169, 170, 171, 178, 179, 180, 181], "excluded_lines": [], "start_line": 66}, "_backup_env_file": {"executed_lines": [], "summary": {"covered_lines": 0, "num_statements": 12, "percent_covered": 0.0, "percent_covered_display": "0", "missing_lines": 12, "excluded_lines": 0, "percent_statements_covered": 0.0, "percent_statements_covered_display": "0"}, "missing_lines": [200, 201, 203, 204, 206, 207, 209, 210, 211, 212, 213, 214], "excluded_lines": [], "start_line": 190}, "_generate_env_content": {"executed_lines": [], "summary": {"covered_lines": 0, "num_statements": 27, "percent_covered": 0.0, "percent_covered_display": "0", "missing_lines": 27, "excluded_lines": 0, "percent_statements_covered": 0.0, "percent_statements_covered_display": "0"}, "missing_lines": [233, 234, 237, 239, 240, 243, 244, 245, 248, 250, 251, 254, 255, 257, 258, 259, 260, 263, 264, 267, 268, 270, 271, 272, 273, 276, 278], "excluded_lines": [], "start_line": 217}, "get_env_path": {"executed_lines": [], "summary": {"covered_lines": 0, "num_statements": 2, "percent_covered": 0.0, "percent_covered_display": "0", "missing_lines": 2, "excluded_lines": 0, "percent_statements_covered": 0.0, "percent_statements_covered_display": "0"}, "missing_lines": [288, 289], "excluded_lines": [], "start_line": 281}, "env_exists": {"executed_lines": [], "summary": {"covered_lines": 0, "num_statements": 2, "percent_covered": 0.0, "percent_covered_display": "0", "missing_lines": 2, "excluded_lines": 0, "percent_statements_covered": 0.0, "percent_statements_covered_display": "0"}, "missing_lines": [299, 300], "excluded_lines": [], "start_line": 292}, "read_env_value": {"executed_lines": [], "summary": {"covered_lines": 0, "num_statements": 17, "percent_covered": 0.0, "percent_covered_display": "0", "missing_lines": 17, "excluded_lines": 0, "percent_statements_covered": 0.0, "percent_statements_covered_display": "0"}, "missing_lines": [318, 319, 320, 322, 323, 324, 325, 327, 328, 330, 331, 332, 333, 334, 335, 336, 337], "excluded_lines": [], "start_line": 303}, "get_minimal_config": {"executed_lines": [], "summary": {"covered_lines": 0, "num_statements": 1, "percent_covered": 0.0, "percent_covered_display": "0", "missing_lines": 1, "excluded_lines": 0, "percent_statements_covered": 0.0, "percent_statements_covered_display": "0"}, "missing_lines": [351], "excluded_lines": [], "start_line": 340}, "": {"executed_lines": [8, 9, 10, 12, 15, 18, 19, 20, 21, 22, 25, 29, 30, 33, 34, 35, 36, 37, 40, 43, 44, 45, 46, 47, 48, 49, 52, 53, 54, 55, 56, 59, 60, 61, 62, 63, 66, 190, 217, 281, 292, 303, 340], "summary": {"covered_lines": 43, "num_statements": 43, "percent_covered": 100.0, "percent_covered_display": "100", "missing_lines": 0, "excluded_lines": 0, "percent_statements_covered": 100.0, "percent_statements_covered_display": "100"}, "missing_lines": [], "excluded_lines": [], "start_line": 1}}, "classes": {"EnvCreationResult": {"executed_lines": [], "summary": {"covered_lines": 0, "num_statements": 0, "percent_covered": 100.0, "percent_covered_display": "100", "missing_lines": 0, "excluded_lines": 0, "percent_statements_covered": 100.0, "percent_statements_covered_display": "100"}, "missing_lines": [], "excluded_lines": [], "start_line": 15}, "EnvConfig": {"executed_lines": [], "summary": {"covered_lines": 0, "num_statements": 0, "percent_covered": 100.0, "percent_covered_display": "100", "missing_lines": 0, "excluded_lines": 0, "percent_statements_covered": 100.0, "percent_statements_covered_display": "100"}, "missing_lines": [], "excluded_lines": [], "start_line": 25}, "": {"executed_lines": [8, 9, 10, 12, 15, 18, 19, 20, 21, 22, 25, 29, 30, 33, 34, 35, 36, 37, 40, 43, 44, 45, 46, 47, 48, 49, 52, 53, 54, 55, 56, 59, 60, 61, 62, 63, 66, 190, 217, 281, 292, 303, 340], "summary": {"covered_lines": 43, "num_statements": 141, "percent_covered": 30.49645390070922, "percent_covered_display": "30", "missing_lines": 98, "excluded_lines": 0, "percent_statements_covered": 30.49645390070922, "percent_statements_covered_display": "30"}, "missing_lines": [98, 100, 101, 102, 105, 106, 108, 109, 110, 122, 123, 124, 125, 128, 129, 130, 131, 139, 142, 143, 146, 149, 150, 153, 154, 156, 157, 158, 160, 168, 169, 170, 171, 178, 179, 180, 181, 200, 201, 203, 204, 206, 207, 209, 210, 211, 212, 213, 214, 233, 234, 237, 239, 240, 243, 244, 245, 248, 250, 251, 254, 255, 257, 258, 259, 260, 263, 264, 267, 268, 270, 271, 272, 273, 276, 278, 288, 289, 299, 300, 318, 319, 320, 322, 323, 324, 325, 327, 328, 330, 331, 332, 333, 334, 335, 336, 337, 351], "excluded_lines": [], "start_line": 1}}}, "apps\\backend\\setup\\first_run_detector.py": {"executed_lines": [11, 12, 13, 15, 18, 31, 33, 34, 37, 38, 39, 42, 43, 45, 50, 51, 59, 69, 70, 71, 72, 75, 78, 80, 81, 83, 84, 91, 101, 102, 103, 105, 106, 107, 108, 110, 111], "summary": {"covered_lines": 37, "num_statements": 48, "percent_covered": 77.08333333333333, "percent_covered_display": "77", "missing_lines": 11, "excluded_lines": 0, "percent_statements_covered": 77.08333333333333, "percent_statements_covered_display": "77"}, "missing_lines": [46, 47, 53, 55, 56, 86, 87, 88, 113, 114, 115], "excluded_lines": [], "functions": {"detect_first_run": {"executed_lines": [31, 33, 34, 37, 38, 39, 42, 43, 45, 50, 51], "summary": {"covered_lines": 11, "num_statements": 16, "percent_covered": 68.75, "percent_covered_display": "69", "missing_lines": 5, "excluded_lines": 0, "percent_statements_covered": 68.75, "percent_statements_covered_display": "69"}, "missing_lines": [46, 47, 53, 55, 56], "excluded_lines": [], "start_line": 18}, "mark_setup_complete": {"executed_lines": [69, 70, 71, 72, 75, 78, 80, 81, 83, 84], "summary": {"covered_lines": 10, "num_statements": 13, "percent_covered": 76.92307692307692, "percent_covered_display": "77", "missing_lines": 3, "excluded_lines": 0, "percent_statements_covered": 76.92307692307692, "percent_statements_covered_display": "77"}, "missing_lines": [86, 87, 88], "excluded_lines": [], "start_line": 59}, "reset_first_run": {"executed_lines": [101, 102, 103, 105, 106, 107, 108, 110, 111], "summary": {"covered_lines": 9, "num_statements": 12, "percent_covered": 75.0, "percent_covered_display": "75", "missing_lines": 3, "excluded_lines": 0, "percent_statements_covered": 75.0, "percent_statements_covered_display": "75"}, "missing_lines": [113, 114, 115], "excluded_lines": [], "start_line": 91}, "": {"executed_lines": [11, 12, 13, 15, 18, 59, 91], "summary": {"covered_lines": 7, "num_statements": 7, "percent_covered": 100.0, "percent_covered_display": "100", "missing_lines": 0, "excluded_lines": 0, "percent_statements_covered": 100.0, "percent_statements_covered_display": "100"}, "missing_lines": [], "excluded_lines": [], "start_line": 1}}, "classes": {"": {"executed_lines": [11, 12, 13, 15, 18, 31, 33, 34, 37, 38, 39, 42, 43, 45, 50, 51, 59, 69, 70, 71, 72, 75, 78, 80, 81, 83, 84, 91, 101, 102, 103, 105, 106, 107, 108, 110, 111], "summary": {"covered_lines": 37, "num_statements": 48, "percent_covered": 77.08333333333333, "percent_covered_display": "77", "missing_lines": 11, "excluded_lines": 0, "percent_statements_covered": 77.08333333333333, "percent_statements_covered_display": "77"}, "missing_lines": [46, 47, 53, 55, 56, 86, 87, 88, 113, 114, 115], "excluded_lines": [], "start_line": 1}}}, "apps\\backend\\setup\\graphiti_validator.py": {"executed_lines": [10, 11, 12, 14, 15, 23, 26, 29, 30, 31, 32, 33, 34, 35, 38, 60, 61, 63, 65, 67, 82, 85, 86, 89, 96, 103, 106, 107, 108, 111, 115, 116, 120, 131, 155, 166, 167, 170, 174, 178, 191, 193, 197, 205, 207, 209, 222, 224, 228, 229, 230, 233, 234, 239, 247, 287], "summary": {"covered_lines": 56, "num_statements": 118, "percent_covered": 47.45762711864407, "percent_covered_display": "47", "missing_lines": 62, "excluded_lines": 0, "percent_statements_covered": 47.45762711864407, "percent_statements_covered_display": "47"}, "missing_lines": [68, 69, 90, 97, 112, 122, 127, 141, 142, 143, 144, 171, 175, 179, 180, 183, 184, 187, 188, 192, 194, 198, 199, 206, 208, 210, 211, 214, 215, 218, 219, 223, 225, 240, 259, 260, 261, 262, 264, 267, 268, 269, 270, 272, 273, 274, 277, 278, 279, 280, 282, 283, 284, 301, 302, 303, 304, 312, 313, 320, 321, 322], "excluded_lines": [], "functions": {"validate_graphiti_config": {"executed_lines": [60, 61, 63, 65, 67, 82, 85, 86, 89, 96, 103, 106, 107, 108, 111, 115, 116, 120, 131], "summary": {"covered_lines": 19, "num_statements": 30, "percent_covered": 63.333333333333336, "percent_covered_display": "63", "missing_lines": 11, "excluded_lines": 0, "percent_statements_covered": 63.333333333333336, "percent_statements_covered_display": "63"}, "missing_lines": [68, 69, 90, 97, 112, 122, 127, 141, 142, 143, 144], "excluded_lines": [], "start_line": 38}, "_check_provider_credentials": {"executed_lines": [166, 167, 170, 174, 178, 191, 193, 197, 205, 207, 209, 222, 224, 228, 229, 230, 233, 234, 239], "summary": {"covered_lines": 19, "num_statements": 42, "percent_covered": 45.23809523809524, "percent_covered_display": "45", "missing_lines": 23, "excluded_lines": 0, "percent_statements_covered": 45.23809523809524, "percent_statements_covered_display": "45"}, "missing_lines": [171, 175, 179, 180, 183, 184, 187, 188, 192, 194, 198, 199, 206, 208, 210, 211, 214, 215, 218, 219, 223, 225, 240], "excluded_lines": [], "start_line": 155}, "_test_provider_connections": {"executed_lines": [], "summary": {"covered_lines": 0, "num_statements": 19, "percent_covered": 0.0, "percent_covered_display": "0", "missing_lines": 19, "excluded_lines": 0, "percent_statements_covered": 0.0, "percent_statements_covered_display": "0"}, "missing_lines": [259, 260, 261, 262, 264, 267, 268, 269, 270, 272, 273, 274, 277, 278, 279, 280, 282, 283, 284], "excluded_lines": [], "start_line": 247}, "get_graphiti_status": {"executed_lines": [], "summary": {"covered_lines": 0, "num_statements": 9, "percent_covered": 0.0, "percent_covered_display": "0", "missing_lines": 9, "excluded_lines": 0, "percent_statements_covered": 0.0, "percent_statements_covered_display": "0"}, "missing_lines": [301, 302, 303, 304, 312, 313, 320, 321, 322], "excluded_lines": [], "start_line": 287}, "": {"executed_lines": [10, 11, 12, 14, 15, 23, 26, 29, 30, 31, 32, 33, 34, 35, 38, 155, 247, 287], "summary": {"covered_lines": 18, "num_statements": 18, "percent_covered": 100.0, "percent_covered_display": "100", "missing_lines": 0, "excluded_lines": 0, "percent_statements_covered": 100.0, "percent_statements_covered_display": "100"}, "missing_lines": [], "excluded_lines": [], "start_line": 1}}, "classes": {"GraphitiValidationResult": {"executed_lines": [], "summary": {"covered_lines": 0, "num_statements": 0, "percent_covered": 100.0, "percent_covered_display": "100", "missing_lines": 0, "excluded_lines": 0, "percent_statements_covered": 100.0, "percent_statements_covered_display": "100"}, "missing_lines": [], "excluded_lines": [], "start_line": 26}, "": {"executed_lines": [10, 11, 12, 14, 15, 23, 26, 29, 30, 31, 32, 33, 34, 35, 38, 60, 61, 63, 65, 67, 82, 85, 86, 89, 96, 103, 106, 107, 108, 111, 115, 116, 120, 131, 155, 166, 167, 170, 174, 178, 191, 193, 197, 205, 207, 209, 222, 224, 228, 229, 230, 233, 234, 239, 247, 287], "summary": {"covered_lines": 56, "num_statements": 118, "percent_covered": 47.45762711864407, "percent_covered_display": "47", "missing_lines": 62, "excluded_lines": 0, "percent_statements_covered": 47.45762711864407, "percent_statements_covered_display": "47"}, "missing_lines": [68, 69, 90, 97, 112, 122, 127, 141, 142, 143, 144, 171, 175, 179, 180, 183, 184, 187, 188, 192, 194, 198, 199, 206, 208, 210, 211, 214, 215, 218, 219, 223, 225, 240, 259, 260, 261, 262, 264, 267, 268, 269, 270, 272, 273, 274, 277, 278, 279, 280, 282, 283, 284, 301, 302, 303, 304, 312, 313, 320, 321, 322], "excluded_lines": [], "start_line": 1}}}, "apps\\backend\\setup\\hello_world_runner.py": {"executed_lines": [1, 2, 3, 4, 5, 7, 10, 11, 12, 13, 14, 15, 18, 19, 20, 21, 23, 25, 26, 27, 28, 29, 40, 41, 42, 43, 44, 45, 46, 47, 48, 57, 58, 59, 60, 64, 65, 66, 67, 68, 69, 99, 100, 101, 103, 104, 106], "summary": {"covered_lines": 47, "num_statements": 77, "percent_covered": 61.03896103896104, "percent_covered_display": "61", "missing_lines": 30, "excluded_lines": 0, "percent_statements_covered": 61.03896103896104, "percent_statements_covered_display": "61"}, "missing_lines": [31, 32, 33, 34, 35, 36, 37, 50, 51, 52, 53, 54, 61, 62, 72, 73, 74, 75, 76, 78, 79, 80, 82, 83, 84, 85, 86, 88, 89, 91], "excluded_lines": [], "functions": {"run_hello_world_test": {"executed_lines": [19, 20, 21, 23, 25, 26, 27, 28, 29, 40, 41, 42, 43, 44, 45, 46, 47, 48, 57, 58, 59, 60, 64, 65, 66, 67, 68, 69, 99, 100, 101, 103, 104, 106], "summary": {"covered_lines": 34, "num_statements": 64, "percent_covered": 53.125, "percent_covered_display": "53", "missing_lines": 30, "excluded_lines": 0, "percent_statements_covered": 53.125, "percent_statements_covered_display": "53"}, "missing_lines": [31, 32, 33, 34, 35, 36, 37, 50, 51, 52, 53, 54, 61, 62, 72, 73, 74, 75, 76, 78, 79, 80, 82, 83, 84, 85, 86, 88, 89, 91], "excluded_lines": [], "start_line": 18}, "": {"executed_lines": [1, 2, 3, 4, 5, 7, 10, 11, 12, 13, 14, 15, 18], "summary": {"covered_lines": 13, "num_statements": 13, "percent_covered": 100.0, "percent_covered_display": "100", "missing_lines": 0, "excluded_lines": 0, "percent_statements_covered": 100.0, "percent_statements_covered_display": "100"}, "missing_lines": [], "excluded_lines": [], "start_line": 1}}, "classes": {"HelloWorldTestResult": {"executed_lines": [], "summary": {"covered_lines": 0, "num_statements": 0, "percent_covered": 100.0, "percent_covered_display": "100", "missing_lines": 0, "excluded_lines": 0, "percent_statements_covered": 100.0, "percent_statements_covered_display": "100"}, "missing_lines": [], "excluded_lines": [], "start_line": 10}, "": {"executed_lines": [1, 2, 3, 4, 5, 7, 10, 11, 12, 13, 14, 15, 18, 19, 20, 21, 23, 25, 26, 27, 28, 29, 40, 41, 42, 43, 44, 45, 46, 47, 48, 57, 58, 59, 60, 64, 65, 66, 67, 68, 69, 99, 100, 101, 103, 104, 106], "summary": {"covered_lines": 47, "num_statements": 77, "percent_covered": 61.03896103896104, "percent_covered_display": "61", "missing_lines": 30, "excluded_lines": 0, "percent_statements_covered": 61.03896103896104, "percent_statements_covered_display": "61"}, "missing_lines": [31, 32, 33, 34, 35, 36, 37, 50, 51, 52, 53, 54, 61, 62, 72, 73, 74, 75, 76, 78, 79, 80, 82, 83, 84, 85, 86, 88, 89, 91], "excluded_lines": [], "start_line": 1}}}, "apps\\backend\\setup\\python_validator.py": {"executed_lines": [8, 9, 10, 12, 15, 18, 21, 22, 23, 24, 27, 94], "summary": {"covered_lines": 12, "num_statements": 28, "percent_covered": 42.857142857142854, "percent_covered_display": "43", "missing_lines": 16, "excluded_lines": 0, "percent_statements_covered": 42.857142857142854, "percent_statements_covered_display": "43"}, "missing_lines": [45, 47, 48, 51, 56, 58, 59, 63, 65, 71, 75, 82, 84, 85, 86, 107], "excluded_lines": [], "functions": {"validate_python_version": {"executed_lines": [], "summary": {"covered_lines": 0, "num_statements": 15, "percent_covered": 0.0, "percent_covered_display": "0", "missing_lines": 15, "excluded_lines": 0, "percent_statements_covered": 0.0, "percent_statements_covered_display": "0"}, "missing_lines": [45, 47, 48, 51, 56, 58, 59, 63, 65, 71, 75, 82, 84, 85, 86], "excluded_lines": [], "start_line": 27}, "get_python_info": {"executed_lines": [], "summary": {"covered_lines": 0, "num_statements": 1, "percent_covered": 0.0, "percent_covered_display": "0", "missing_lines": 1, "excluded_lines": 0, "percent_statements_covered": 0.0, "percent_statements_covered_display": "0"}, "missing_lines": [107], "excluded_lines": [], "start_line": 94}, "": {"executed_lines": [8, 9, 10, 12, 15, 18, 21, 22, 23, 24, 27, 94], "summary": {"covered_lines": 12, "num_statements": 12, "percent_covered": 100.0, "percent_covered_display": "100", "missing_lines": 0, "excluded_lines": 0, "percent_statements_covered": 100.0, "percent_statements_covered_display": "100"}, "missing_lines": [], "excluded_lines": [], "start_line": 1}}, "classes": {"PythonValidationResult": {"executed_lines": [], "summary": {"covered_lines": 0, "num_statements": 0, "percent_covered": 100.0, "percent_covered_display": "100", "missing_lines": 0, "excluded_lines": 0, "percent_statements_covered": 100.0, "percent_statements_covered_display": "100"}, "missing_lines": [], "excluded_lines": [], "start_line": 18}, "": {"executed_lines": [8, 9, 10, 12, 15, 18, 21, 22, 23, 24, 27, 94], "summary": {"covered_lines": 12, "num_statements": 28, "percent_covered": 42.857142857142854, "percent_covered_display": "43", "missing_lines": 16, "excluded_lines": 0, "percent_statements_covered": 42.857142857142854, "percent_statements_covered_display": "43"}, "missing_lines": [45, 47, 48, 51, 56, 58, 59, 63, 65, 71, 75, 82, 84, 85, 86, 107], "excluded_lines": [], "start_line": 1}}}}, "totals": {"covered_lines": 197, "num_statements": 436, "percent_covered": 45.18348623853211, "percent_covered_display": "45", "missing_lines": 239, "excluded_lines": 0, "percent_statements_covered": 45.18348623853211, "percent_statements_covered_display": "45"}}